<?xml version="1.0" encoding="UTF-8"?>
<!-- Generated by org.testng.reporters.JUnitReportReporter -->
<testsuite skipped="0" hostname="HP-PC" name="TestNGData.LoginTest" tests="10" failures="0" timestamp="01 Jun 2018 05:49:10 GMT" time="67.096" errors="0">
  <testcase name="loginTest" time="7.591" classname="TestNGData.LoginTest"/>
  <testcase name="loginTest" time="6.365" classname="TestNGData.LoginTest"/>
  <testcase name="loginTest" time="10.977" classname="TestNGData.LoginTest"/>
  <testcase name="loginTest" time="6.223" classname="TestNGData.LoginTest"/>
  <testcase name="loginTest" time="6.108" classname="TestNGData.LoginTest"/>
  <testcase name="loginTest" time="6.060" classname="TestNGData.LoginTest"/>
  <testcase name="loginTest" time="5.772" classname="TestNGData.LoginTest"/>
  <testcase name="loginTest" time="5.887" classname="TestNGData.LoginTest"/>
  <testcase name="loginTest" time="6.501" classname="TestNGData.LoginTest"/>
  <testcase name="loginTest" time="5.612" classname="TestNGData.LoginTest"/>
</testsuite> <!-- TestNGData.LoginTest -->
