<?xml version="1.0" encoding="UTF-8"?>
<!-- Generated by org.testng.reporters.JUnitReportReporter -->
<testsuite skipped="0" hostname="HP-PC" name="TestNGData.RegistrationTest" tests="16" failures="0" timestamp="01 Jun 2018 11:29:06 GMT" time="13.213" errors="0">
  <testcase name="registrationTest" time="0.834" classname="TestNGData.RegistrationTest"/>
  <testcase name="registrationTest" time="0.798" classname="TestNGData.RegistrationTest"/>
  <testcase name="registrationTest" time="0.799" classname="TestNGData.RegistrationTest"/>
  <testcase name="registrationTest" time="0.829" classname="TestNGData.RegistrationTest"/>
  <testcase name="registrationTest" time="0.777" classname="TestNGData.RegistrationTest"/>
  <testcase name="registrationTest" time="0.786" classname="TestNGData.RegistrationTest"/>
  <testcase name="registrationTest" time="0.782" classname="TestNGData.RegistrationTest"/>
  <testcase name="registrationTest" time="0.800" classname="TestNGData.RegistrationTest"/>
  <testcase name="registrationTest" time="1.219" classname="TestNGData.RegistrationTest"/>
  <testcase name="registrationTest" time="0.854" classname="TestNGData.RegistrationTest"/>
  <testcase name="registrationTest" time="0.815" classname="TestNGData.RegistrationTest"/>
  <testcase name="registrationTest" time="0.802" classname="TestNGData.RegistrationTest"/>
  <testcase name="registrationTest" time="0.775" classname="TestNGData.RegistrationTest"/>
  <testcase name="registrationTest" time="0.780" classname="TestNGData.RegistrationTest"/>
  <testcase name="registrationTest" time="0.788" classname="TestNGData.RegistrationTest"/>
  <testcase name="registrationTest" time="0.775" classname="TestNGData.RegistrationTest"/>
</testsuite> <!-- TestNGData.RegistrationTest -->
