<?xml version="1.0" encoding="UTF-8"?>
<!-- Generated by org.testng.reporters.JUnitReportReporter -->
<testsuite skipped="0" hostname="HP-PC" name="TESTNGInterviewPreparation.DataProviderLoginTest" tests="10" failures="0" timestamp="18 Oct 2018 03:05:30 GMT" time="113.692" errors="0">
  <testcase name="loginTest" time="9.390" classname="TESTNGInterviewPreparation.DataProviderLoginTest"/>
  <testcase name="loginTest" time="11.511" classname="TESTNGInterviewPreparation.DataProviderLoginTest"/>
  <testcase name="loginTest" time="10.279" classname="TESTNGInterviewPreparation.DataProviderLoginTest"/>
  <testcase name="loginTest" time="11.407" classname="TESTNGInterviewPreparation.DataProviderLoginTest"/>
  <testcase name="loginTest" time="10.432" classname="TESTNGInterviewPreparation.DataProviderLoginTest"/>
  <testcase name="loginTest" time="10.334" classname="TESTNGInterviewPreparation.DataProviderLoginTest"/>
  <testcase name="loginTest" time="10.370" classname="TESTNGInterviewPreparation.DataProviderLoginTest"/>
  <testcase name="loginTest" time="9.649" classname="TESTNGInterviewPreparation.DataProviderLoginTest"/>
  <testcase name="loginTest" time="20.703" classname="TESTNGInterviewPreparation.DataProviderLoginTest"/>
  <testcase name="loginTest" time="9.617" classname="TESTNGInterviewPreparation.DataProviderLoginTest"/>
</testsuite> <!-- TESTNGInterviewPreparation.DataProviderLoginTest -->
