<?xml version="1.0" encoding="UTF-8"?>
<!-- Generated by org.testng.reporters.JUnitReportReporter -->
<testsuite skipped="0" hostname="HP-PC" name="TestNGFeatures.inovcationCountFeatures" tests="6" failures="0" timestamp="31 May 2018 05:28:18 GMT" time="0.092" errors="1">
  <testcase name="repetedTestCase" time="0.007" classname="TestNGFeatures.inovcationCountFeatures"/>
  <testcase name="repetedTestCase" time="0.004" classname="TestNGFeatures.inovcationCountFeatures"/>
  <testcase name="repetedTestCase1" time="0.072" classname="TestNGFeatures.inovcationCountFeatures">
    <error type="org.testng.internal.thread.ThreadTimeoutException" message="Method TestNGFeatures.inovcationCountFeatures.repetedTestCase1() didn&#039;t finish within the time-out 10">
      <![CDATA[org.testng.internal.thread.ThreadTimeoutException: Method TestNGFeatures.inovcationCountFeatures.repetedTestCase1() didn't finish within the time-out 10
]]>
    </error>
  </testcase> <!-- repetedTestCase1 -->
  <testcase name="repetedTestCase" time="0.005" classname="TestNGFeatures.inovcationCountFeatures"/>
  <testcase name="repetedTestCase" time="0.002" classname="TestNGFeatures.inovcationCountFeatures"/>
  <testcase name="repetedTestCase" time="0.002" classname="TestNGFeatures.inovcationCountFeatures"/>
</testsuite> <!-- TestNGFeatures.inovcationCountFeatures -->
