<?xml version="1.0" encoding="UTF-8"?>
<!-- Generated by org.testng.reporters.JUnitReportReporter -->
<testsuite skipped="0" hostname="HP-PC" name="TestNGFeatures.GroupsFeature" tests="6" failures="0" timestamp="31 May 2018 04:10:03 GMT" time="0.031" errors="0">
  <testcase name="LogoTest" time="0.018" classname="TestNGFeatures.GroupsFeature"/>
  <testcase name="loginTest" time="0.005" classname="TestNGFeatures.GroupsFeature"/>
  <testcase name="submitBtnTest" time="0.002" classname="TestNGFeatures.GroupsFeature"/>
  <testcase name="LinkTest" time="0.003" classname="TestNGFeatures.GroupsFeature"/>
  <testcase name="FeaturesLinkTest" time="0.002" classname="TestNGFeatures.GroupsFeature"/>
  <testcase name="HomePageTest" time="0.001" classname="TestNGFeatures.GroupsFeature"/>
</testsuite> <!-- TestNGFeatures.GroupsFeature -->
