<?xml version="1.0" encoding="UTF-8"?>
<!-- Generated by org.testng.reporters.JUnitReportReporter -->
<testsuite skipped="0" hostname="HP-PC" name="Assertions.TestCases" tests="1" failures="0" timestamp="09 Aug 2018 04:24:23 GMT" time="0.036" errors="0">
  <testcase name="test1" time="0.036" classname="Assertions.TestCases"/>
</testsuite> <!-- Assertions.TestCases -->
