<?xml version="1.0" encoding="UTF-8"?>
<!-- Generated by org.testng.reporters.JUnitReportReporter -->
<testsuite skipped="3" hostname="HP-PC" name="TestNGFeatures.enabledConcept" tests="5" failures="0" timestamp="01 Jun 2018 05:49:10 GMT" time="0.018" errors="0">
  <testcase name="TestEnabled2" time="0.013" classname="TestNGFeatures.enabledConcept"/>
  <testcase name="TestEnabled4" time="0.005" classname="TestNGFeatures.enabledConcept"/>
  <testcase name="TestEnabled1" classname="TestNGFeatures.enabledConcept">
    <skipped/>
  </testcase> <!-- TestEnabled1 -->
  <testcase name="TestEnabled5" classname="TestNGFeatures.enabledConcept">
    <skipped/>
  </testcase> <!-- TestEnabled5 -->
  <testcase name="TestEnabled3" classname="TestNGFeatures.enabledConcept">
    <skipped/>
  </testcase> <!-- TestEnabled3 -->
</testsuite> <!-- TestNGFeatures.enabledConcept -->
