<?xml version="1.0" encoding="UTF-8"?>
<!-- Generated by org.testng.reporters.JUnitReportReporter -->
<testsuite skipped="0" hostname="HP-PC" name="Assertions.LoginPageTestAssertions" tests="1" failures="0" timestamp="17 Oct 2018 03:13:06 GMT" time="21.475" errors="0">
  <testcase name="LoginPagetest" time="21.475" classname="Assertions.LoginPageTestAssertions"/>
</testsuite> <!-- Assertions.LoginPageTestAssertions -->
