<?xml version="1.0" encoding="UTF-8"?>
<!-- Generated by org.testng.reporters.JUnitReportReporter -->
<testsuite skipped="0" hostname="HP-PC" name="TestNGBasics" tests="1" failures="0" timestamp="31 May 2018 03:27:44 GMT" time="0.015" errors="0">
  <testcase name="test1" time="0.015" classname="TestNGBasics"/>
</testsuite> <!-- TestNGBasics -->
