<?xml version="1.0" encoding="UTF-8"?>
<!-- Generated by org.testng.reporters.JUnitReportReporter -->
<testsuite skipped="0" hostname="HP-PC" name="ParametersAnnotation.LoginTest" tests="2" failures="0" timestamp="01 Jun 2018 06:00:26 GMT" time="13.308" errors="0">
  <testcase name="launchURL" time="11.998" classname="ParametersAnnotation.LoginTest"/>
  <testcase name="loginTest" time="1.310" classname="ParametersAnnotation.LoginTest"/>
</testsuite> <!-- ParametersAnnotation.LoginTest -->
