<?xml version="1.0" encoding="UTF-8"?>
<!-- Generated by org.testng.reporters.JUnitReportReporter -->
<testsuite skipped="0" hostname="HP-PC" name="TESTNGInterviewPreparation.TestNGAnnotations" tests="4" failures="0" timestamp="16 Oct 2018 09:57:57 GMT" time="27.031" errors="0">
  <testcase name="test6" time="5.824" classname="TESTNGInterviewPreparation.TestNGAnnotations"/>
  <testcase name="titleTest" time="4.687" classname="TESTNGInterviewPreparation.TestNGAnnotations"/>
  <testcase name="logoTest" time="11.563" classname="TESTNGInterviewPreparation.TestNGAnnotations"/>
  <testcase name="Test1" time="4.957" classname="TESTNGInterviewPreparation.TestNGAnnotations"/>
</testsuite> <!-- TESTNGInterviewPreparation.TestNGAnnotations -->
